<?xml version="1.0" encoding="UTF-8"?>
<testng-results ignored="0" total="1" passed="1" failed="0" skipped="0">
  <reporter-output>
  </reporter-output>
  <suite started-at="2023-10-19T18:48:27 IST" name="Suite" finished-at="2023-10-19T18:48:32 IST" duration-ms="4500">
    <groups>
    </groups>
    <test started-at="2023-10-19T18:48:27 IST" name="Test" finished-at="2023-10-19T18:48:32 IST" duration-ms="4500">
      <class name="seleniumjenkins.seleniumjenkins.Selenium">
        <test-method signature="launchBrowser()[pri:0, instance:seleniumjenkins.seleniumjenkins.Selenium@149e0f5d]" started-at="2023-10-19T18:48:27 IST" name="launchBrowser" finished-at="2023-10-19T18:48:32 IST" duration-ms="4473" status="PASS">
          <reporter-output>
          </reporter-output>
        </test-method> <!-- launchBrowser -->
      </class> <!-- seleniumjenkins.seleniumjenkins.Selenium -->
    </test> <!-- Test -->
  </suite> <!-- Suite -->
</testng-results>
