<?xml version="1.0" encoding="UTF-8"?>
<testng-results ignored="0" total="1" passed="1" failed="0" skipped="0">
  <reporter-output>
  </reporter-output>
  <suite started-at="2023-10-19T18:28:51 IST" name="Default suite" finished-at="2023-10-19T18:28:55 IST" duration-ms="3516">
    <groups>
    </groups>
    <test started-at="2023-10-19T18:28:51 IST" name="Default test" finished-at="2023-10-19T18:28:55 IST" duration-ms="3516">
      <class name="seleniumjenkins.seleniumjenkins.Selenium">
        <test-method signature="launchBrowser()[pri:0, instance:seleniumjenkins.seleniumjenkins.Selenium@543588e6]" started-at="2023-10-19T18:28:52 IST" name="launchBrowser" finished-at="2023-10-19T18:28:55 IST" duration-ms="3489" status="PASS">
          <reporter-output>
          </reporter-output>
        </test-method> <!-- launchBrowser -->
      </class> <!-- seleniumjenkins.seleniumjenkins.Selenium -->
    </test> <!-- Default test -->
  </suite> <!-- Default suite -->
</testng-results>
